<?xml version="1.0" encoding="UTF-8"?>
<testng-results ignored="0" total="1" passed="1" failed="0" skipped="0">
  <reporter-output>
  </reporter-output>
  <suite started-at="2024-02-13T22:26:40 IST" name="Default suite" finished-at="2024-02-13T22:26:55 IST" duration-ms="15691">
    <groups>
    </groups>
    <test started-at="2024-02-13T22:26:40 IST" name="Default test" finished-at="2024-02-13T22:26:55 IST" duration-ms="15691">
      <class name="Test.RishiHerbalIndiaTest">
        <test-method is-config="true" signature="setup()[pri:0, instance:Test.RishiHerbalIndiaTest@47af7f3d]" started-at="2024-02-13T22:26:40 IST" name="setup" finished-at="2024-02-13T22:26:41 IST" duration-ms="1465" status="PASS">
          <reporter-output>
          </reporter-output>
        </test-method> <!-- setup -->
        <test-method is-config="true" signature="urlload()[pri:0, instance:Test.RishiHerbalIndiaTest@47af7f3d]" started-at="2024-02-13T22:26:41 IST" name="urlload" finished-at="2024-02-13T22:26:43 IST" duration-ms="1456" status="PASS">
          <reporter-output>
          </reporter-output>
        </test-method> <!-- urlload -->
        <test-method signature="test()[pri:0, instance:Test.RishiHerbalIndiaTest@47af7f3d]" started-at="2024-02-13T22:26:43 IST" name="test" finished-at="2024-02-13T22:26:55 IST" duration-ms="12741" status="PASS">
          <reporter-output>
          </reporter-output>
        </test-method> <!-- test -->
      </class> <!-- Test.RishiHerbalIndiaTest -->
    </test> <!-- Default test -->
  </suite> <!-- Default suite -->
</testng-results>
